<?xml version="1.0" encoding="UTF-8"?>
<!-- Generated by org.testng.reporters.JUnitXMLReporter -->
<testsuite hostname="DELL" ignored="0" name="Add Customer Test" tests="1" failures="1" timestamp="31 Dec 2017 17:27:17 GMT" time="3.427" errors="0">
  <testcase name="addCustomer" time="3.242" classname="testcases.AddCustomerTest">
    <failure type="java.lang.AssertionError" message="customer not added successfully expected [true] but found [false]">
      <![CDATA[java.lang.AssertionError: customer not added successfully expected [true] but found [false]
	at testcases.AddCustomerTest.addCustomer(AddCustomerTest.java:25)
... Removed 26 stack frames]]>
    </failure>
  </testcase> <!-- addCustomer -->
</testsuite> <!-- Add Customer Test -->
