<?xml version="1.0" encoding="UTF-8"?>
<!-- Generated by org.testng.reporters.JUnitXMLReporter -->
<testsuite hostname="DELL" ignored="0" name="Bank Manager Login Test" tests="1" failures="1" timestamp="31 Dec 2017 17:27:13 GMT" time="0.598" errors="0">
  <testcase name="loginAsBankManager" time="0.332" classname="testcases.BankManagerLoginTest">
    <failure type="java.lang.AssertionError" message="null">
      <![CDATA[java.lang.AssertionError: null
	at testcases.BankManagerLoginTest.loginAsBankManager(BankManagerLoginTest.java:13)
... Removed 27 stack frames]]>
    </failure>
  </testcase> <!-- loginAsBankManager -->
</testsuite> <!-- Bank Manager Login Test -->
