<?xml version="1.0" encoding="UTF-8"?>
<!-- Generated by org.testng.reporters.JUnitXMLReporter -->
<testsuite hostname="DELL" ignored="0" name="Bank Manager Login Test" tests="1" failures="0" timestamp="25 Dec 2017 10:08:02 GMT" time="0.046" errors="0">
  <testcase name="@BeforeSuite setUp" time="0.013" classname="base.BaseTest">
    <failure type="java.lang.NullPointerException">
      <![CDATA[java.lang.NullPointerException
	at base.BaseTest.setUp(BaseTest.java:42)
... Removed 19 stack frames]]>
    </failure>
  </testcase> <!-- @BeforeSuite setUp -->
  <testcase name="loginAsBankManager" time="0.001" classname="testcases.BankManagerLoginTest">
    <skipped/>
  </testcase> <!-- loginAsBankManager -->
</testsuite> <!-- Bank Manager Login Test -->
